<?xml version="1.0" encoding="UTF-8"?>
<testng-results ignored="0" total="1" passed="1" failed="0" skipped="0">
  <reporter-output>
  </reporter-output>
  <suite started-at="2025-05-16T22:02:10 GMT+03:00" name="Default suite" finished-at="2025-05-16T22:02:34 GMT+03:00" duration-ms="23223">
    <groups>
    </groups>
    <test started-at="2025-05-16T22:02:10 GMT+03:00" name="Default test" finished-at="2025-05-16T22:02:34 GMT+03:00" duration-ms="23223">
      <class name="SecondTest.SecondTest">
        <test-method signature="mySecondTest()[pri:0, instance:SecondTest.SecondTest@6d23017e]" started-at="2025-05-16T22:02:10 GMT+03:00" name="mySecondTest" finished-at="2025-05-16T22:02:34 GMT+03:00" duration-ms="23197" status="PASS">
          <reporter-output>
          </reporter-output>
        </test-method> <!-- mySecondTest -->
      </class> <!-- SecondTest.SecondTest -->
    </test> <!-- Default test -->
  </suite> <!-- Default suite -->
</testng-results>
